Feb. 23, 2024 2:36:01 P.M. app_kvServer.KVServer run
INFO: KV Server listening on port 50000
Feb. 23, 2024 2:36:01 P.M. app_kvServer.KVServer loadDataFromStorage
INFO: Created new /nfs/ug/homes-4/k/kimgi2/ece419/M2/src/logger/kvstorage_Node1.txt file
Feb. 23, 2024 2:36:01 P.M. app_kvServer.KVServer loadDataFromStorage
INFO: Loaded data from /nfs/ug/homes-4/k/kimgi2/ece419/M2/src/logger/kvstorage_Node1.txt file
Feb. 23, 2024 2:36:16 P.M. app_kvServer.KVServer run
INFO: Connected to client: /127.0.0.1
Feb. 23, 2024 2:38:31 P.M. app_kvServer.KVServer run
INFO: KV Server listening on port 50001
Feb. 23, 2024 2:38:31 P.M. app_kvServer.KVServer loadDataFromStorage
INFO: Created new /nfs/ug/homes-4/k/kimgi2/ece419/M2/src/logger/kvstorage_Node_2.txt file
Feb. 23, 2024 2:38:31 P.M. app_kvServer.KVServer loadDataFromStorage
INFO: Loaded data from /nfs/ug/homes-4/k/kimgi2/ece419/M2/src/logger/kvstorage_Node_2.txt file
Feb. 23, 2024 2:39:03 P.M. app_kvServer.KVServer run
INFO: KV Server listening on port 50000
Feb. 23, 2024 2:39:03 P.M. app_kvServer.KVServer loadDataFromStorage
INFO: Loaded data from /nfs/ug/homes-4/k/kimgi2/ece419/M2/src/logger/kvstorage_Node_1.txt file
Feb. 23, 2024 2:39:11 P.M. app_kvServer.KVServer run
INFO: Connected to client: /127.0.0.1
Feb. 23, 2024 2:45:10 P.M. app_kvServer.KVServer run
INFO: KV Server listening on port 50000
Feb. 23, 2024 2:45:10 P.M. app_kvServer.KVServer loadDataFromStorage
INFO: Loaded data from /nfs/ug/homes-4/k/kimgi2/ece419/M2/src/logger/kvstorage_Node_1.txt file
Feb. 23, 2024 2:46:21 P.M. app_kvServer.KVServer run
INFO: Connected to client: /127.0.0.1
Feb. 24, 2024 9:20:48 A.M. app_kvServer.KVServer run
INFO: KV Server listening on port 50000
Feb. 24, 2024 9:20:48 A.M. app_kvServer.KVServer loadDataFromStorage
INFO: Created new /nfs/ug/homes-4/k/kimgi2/ece419/M2/src/logger/kvstorage_ServerX.txt file
Feb. 24, 2024 9:20:48 A.M. app_kvServer.KVServer loadDataFromStorage
INFO: Loaded data from /nfs/ug/homes-4/k/kimgi2/ece419/M2/src/logger/kvstorage_ServerX.txt file
Feb. 24, 2024 9:21:10 A.M. app_kvServer.KVServer run
INFO: KV Server listening on port 50000
Feb. 24, 2024 9:21:10 A.M. app_kvServer.KVServer loadDataFromStorage
INFO: Loaded data from /nfs/ug/homes-4/k/kimgi2/ece419/M2/src/logger/kvstorage_Node_1.txt file
