Feb. 23, 2024 2:36:01 P.M. app_kvServer.KVServer run
INFO: KV Server listening on port 50000
Feb. 23, 2024 2:36:01 P.M. app_kvServer.KVServer loadDataFromStorage
INFO: Created new /nfs/ug/homes-4/k/kimgi2/ece419/M2/src/logger/kvstorage_Node1.txt file
Feb. 23, 2024 2:36:01 P.M. app_kvServer.KVServer loadDataFromStorage
INFO: Loaded data from /nfs/ug/homes-4/k/kimgi2/ece419/M2/src/logger/kvstorage_Node1.txt file
Feb. 23, 2024 2:36:16 P.M. app_kvServer.KVServer run
INFO: Connected to client: /127.0.0.1
Feb. 23, 2024 2:38:31 P.M. app_kvServer.KVServer run
INFO: KV Server listening on port 50001
Feb. 23, 2024 2:38:31 P.M. app_kvServer.KVServer loadDataFromStorage
INFO: Created new /nfs/ug/homes-4/k/kimgi2/ece419/M2/src/logger/kvstorage_Node_2.txt file
Feb. 23, 2024 2:38:31 P.M. app_kvServer.KVServer loadDataFromStorage
INFO: Loaded data from /nfs/ug/homes-4/k/kimgi2/ece419/M2/src/logger/kvstorage_Node_2.txt file
Feb. 23, 2024 2:39:03 P.M. app_kvServer.KVServer run
INFO: KV Server listening on port 50000
Feb. 23, 2024 2:39:03 P.M. app_kvServer.KVServer loadDataFromStorage
INFO: Loaded data from /nfs/ug/homes-4/k/kimgi2/ece419/M2/src/logger/kvstorage_Node_1.txt file
Feb. 23, 2024 2:39:11 P.M. app_kvServer.KVServer run
INFO: Connected to client: /127.0.0.1
Feb. 23, 2024 2:45:10 P.M. app_kvServer.KVServer run
INFO: KV Server listening on port 50000
Feb. 23, 2024 2:45:10 P.M. app_kvServer.KVServer loadDataFromStorage
INFO: Loaded data from /nfs/ug/homes-4/k/kimgi2/ece419/M2/src/logger/kvstorage_Node_1.txt file
Feb. 23, 2024 2:46:21 P.M. app_kvServer.KVServer run
INFO: Connected to client: /127.0.0.1
Feb. 24, 2024 9:20:48 A.M. app_kvServer.KVServer run
INFO: KV Server listening on port 50000
Feb. 24, 2024 9:20:48 A.M. app_kvServer.KVServer loadDataFromStorage
INFO: Created new /nfs/ug/homes-4/k/kimgi2/ece419/M2/src/logger/kvstorage_ServerX.txt file
Feb. 24, 2024 9:20:48 A.M. app_kvServer.KVServer loadDataFromStorage
INFO: Loaded data from /nfs/ug/homes-4/k/kimgi2/ece419/M2/src/logger/kvstorage_ServerX.txt file
Feb. 24, 2024 9:21:10 A.M. app_kvServer.KVServer run
INFO: KV Server listening on port 50000
Feb. 24, 2024 9:21:10 A.M. app_kvServer.KVServer loadDataFromStorage
INFO: Loaded data from /nfs/ug/homes-4/k/kimgi2/ece419/M2/src/logger/kvstorage_Node_1.txt file
Feb. 24, 2024 9:53:36 A.M. app_kvServer.KVServer run
INFO: Connected to client: /127.0.0.1
Feb. 24, 2024 9:56:26 A.M. app_kvServer.KVServer run
INFO: Connected to client: /127.0.0.1
Feb. 24, 2024 9:57:21 A.M. app_kvServer.KVServer run
INFO: KV Server listening on port 50000
Feb. 24, 2024 9:57:21 A.M. app_kvServer.KVServer loadDataFromStorage
INFO: Loaded data from /nfs/ug/homes-4/k/kimgi2/ece419/M2/src/logger/kvstorage_Node_1.txt file
Feb. 24, 2024 10:00:38 A.M. app_kvServer.KVServer run
INFO: KV Server listening on port 50000
Feb. 24, 2024 10:00:39 A.M. app_kvServer.KVServer loadDataFromStorage
INFO: Loaded data from /nfs/ug/homes-4/k/kimgi2/ece419/M2/src/logger/kvstorage_Node_1.txt file
Feb. 24, 2024 10:02:00 A.M. app_kvServer.KVServer run
INFO: KV Server listening on port 50000
Feb. 24, 2024 10:02:00 A.M. app_kvServer.KVServer loadDataFromStorage
INFO: Loaded data from /nfs/ug/homes-4/k/kimgi2/ece419/M2/src/logger/kvstorage_Node_1.txt file
Feb. 24, 2024 10:02:03 A.M. app_kvServer.KVServer run
INFO: Connected to client: /127.0.0.1
Feb. 24, 2024 10:05:09 A.M. app_kvServer.KVServer run
INFO: KV Server listening on port 50000
Feb. 24, 2024 10:05:09 A.M. app_kvServer.KVServer loadDataFromStorage
INFO: Loaded data from /nfs/ug/homes-4/k/kimgi2/ece419/M2/src/logger/kvstorage_Node_1.txt file
Feb. 24, 2024 10:05:13 A.M. app_kvServer.KVServer run
INFO: Connected to client: /127.0.0.1
Feb. 24, 2024 10:05:57 A.M. app_kvServer.KVServer run
INFO: Connected to client: /127.0.0.1
Feb. 24, 2024 10:09:46 A.M. app_kvServer.KVServer run
INFO: Connected to client: /127.0.0.1
Feb. 24, 2024 12:52:48 P.M. app_kvServer.KVServer run
INFO: KV Server listening on port 50000
Feb. 24, 2024 12:52:57 P.M. app_kvServer.KVServer run
INFO: Connection attempt from: /127.0.0.1
Feb. 24, 2024 12:54:38 P.M. app_kvServer.KVServer run
INFO: Connection attempt from: /127.0.0.1
Feb. 24, 2024 12:55:23 P.M. app_kvServer.KVServer run
INFO: KV Server listening on port 50000
Feb. 24, 2024 12:55:29 P.M. app_kvServer.KVServer run
INFO: Connection attempt from: /127.0.0.1
Feb. 24, 2024 12:55:29 P.M. app_kvServer.KVServer handleIncomingConnection
INFO: command: null
Feb. 24, 2024 12:57:36 P.M. app_kvServer.KVServer run
INFO: Connection attempt from: /127.0.0.1
Feb. 24, 2024 12:57:36 P.M. app_kvServer.KVServer handleIncomingConnection
INFO: command: null
Feb. 24, 2024 12:58:05 P.M. app_kvServer.KVServer run
INFO: Connection attempt from: /127.0.0.1
Feb. 24, 2024 12:58:05 P.M. app_kvServer.KVServer handleIncomingConnection
INFO: command: null
Feb. 24, 2024 12:59:35 P.M. app_kvServer.KVServer run
INFO: Connection attempt from: /127.0.0.1
Feb. 24, 2024 12:59:35 P.M. app_kvServer.KVServer handleIncomingConnection
INFO: command: null
Feb. 24, 2024 1:12:10 P.M. app_kvServer.KVServer run
INFO: Connection attempt from: /127.0.0.1
Feb. 24, 2024 1:12:10 P.M. app_kvServer.KVServer handleIncomingConnection
INFO: command: null
Feb. 24, 2024 1:12:14 P.M. app_kvServer.KVServer run
INFO: Connection attempt from: /127.0.0.1
Feb. 24, 2024 1:12:14 P.M. app_kvServer.KVServer handleIncomingConnection
INFO: command: null
Feb. 24, 2024 1:20:54 P.M. app_kvServer.KVServer run
INFO: Connection attempt from: /127.0.0.1
Feb. 24, 2024 1:20:54 P.M. app_kvServer.KVServer handleIncomingConnection
INFO: command: null
Feb. 24, 2024 1:24:30 P.M. app_kvServer.KVServer run
INFO: Connection attempt from: /127.0.0.1
Feb. 24, 2024 1:24:30 P.M. app_kvServer.KVServer handleIncomingConnection
INFO: command: SERVER_STOPPED Node_1 null null
Feb. 24, 2024 1:24:30 P.M. app_kvServer.KVServer run
INFO: Connection attempt from: /127.0.0.1
Feb. 24, 2024 1:24:30 P.M. app_kvServer.KVServer handleIncomingConnection
INFO: command: null
Feb. 24, 2024 1:29:11 P.M. app_kvServer.KVServer run
INFO: Connection attempt from: /127.0.0.1
Feb. 24, 2024 1:29:11 P.M. app_kvServer.KVServer handleIncomingConnection
INFO: command: secret SET_CONFIG null null
Feb. 24, 2024 1:29:11 P.M. app_kvServer.KVServer handleECSCommand
INFO: Updated key range to: null - null
Feb. 24, 2024 1:29:11 P.M. app_kvServer.KVServer run
INFO: Connection attempt from: /127.0.0.1
Feb. 24, 2024 1:29:11 P.M. app_kvServer.KVServer handleIncomingConnection
INFO: command: null
Feb. 24, 2024 1:33:52 P.M. app_kvServer.KVServer run
INFO: Connection attempt from: /127.0.0.1
Feb. 24, 2024 1:33:52 P.M. app_kvServer.KVServer handleIncomingConnection
INFO: command: secret SET_CONFIG null null
Feb. 24, 2024 1:33:52 P.M. app_kvServer.KVServer handleECSCommand
INFO: Updated key range to: null - null
Feb. 24, 2024 1:33:52 P.M. app_kvServer.KVServer run
INFO: Connection attempt from: /127.0.0.1
Feb. 24, 2024 1:33:52 P.M. app_kvServer.KVServer handleIncomingConnection
INFO: command: null
Feb. 24, 2024 1:59:12 P.M. app_kvServer.KVServer run
INFO: Connection attempt from: /127.0.0.1
Feb. 24, 2024 1:59:12 P.M. app_kvServer.KVServer handleIncomingConnection
INFO: command: secret SET_CONFIG 2b786438d2c6425dc30de0077ea6494d 2b786438d2c6425dc30de0077ea6494d
Feb. 24, 2024 1:59:12 P.M. app_kvServer.KVServer handleECSCommand
INFO: Updated key range to: 2b786438d2c6425dc30de0077ea6494d - 2b786438d2c6425dc30de0077ea6494d
Feb. 24, 2024 1:59:12 P.M. app_kvServer.KVServer run
INFO: Connection attempt from: /127.0.0.1
Feb. 24, 2024 1:59:12 P.M. app_kvServer.KVServer handleIncomingConnection
INFO: command: null
Feb. 24, 2024 1:59:49 P.M. app_kvServer.KVServer run
INFO: Connection attempt from: /127.0.0.1
Feb. 24, 2024 1:59:53 P.M. app_kvServer.KVServer handleIncomingConnection
INFO: command: PUT hi hello
Feb. 24, 2024 2:06:49 P.M. app_kvServer.KVServer run
INFO: KV Server listening on port 50000
Feb. 24, 2024 2:06:54 P.M. app_kvServer.KVServer run
INFO: Connection attempt from: /127.0.0.1
Feb. 24, 2024 2:07:47 P.M. app_kvServer.KVServer run
INFO: KV Server listening on port 50000
Feb. 24, 2024 2:07:51 P.M. app_kvServer.KVServer run
INFO: Connection attempt from: /127.0.0.1
Feb. 24, 2024 2:10:53 P.M. app_kvServer.KVServer run
INFO: KV Server listening on port 50000
Feb. 24, 2024 2:10:57 P.M. app_kvServer.KVServer run
INFO: Connection attempt from: /127.0.0.1
Feb. 24, 2024 2:10:57 P.M. app_kvServer.KVServer handleIncomingConnection
INFO: Received command: secret SET_CONFIG 2b786438d2c6425dc30de0077ea6494d 2b786438d2c6425dc30de0077ea6494d
Feb. 24, 2024 2:10:57 P.M. app_kvServer.KVServer handleECSCommand
INFO: Configuration updated: lowerHash=2b786438d2c6425dc30de0077ea6494d, higherHash=2b786438d2c6425dc30de0077ea6494d
Feb. 24, 2024 2:10:57 P.M. app_kvServer.KVServer run
INFO: Connection attempt from: /127.0.0.1
Feb. 24, 2024 2:10:57 P.M. app_kvServer.KVServer handleIncomingConnection
INFO: Received command: null
Feb. 24, 2024 2:10:57 P.M. app_kvServer.KVServer handleIncomingConnection
INFO: Handling client connection
Feb. 24, 2024 2:11:17 P.M. app_kvServer.KVServer run
INFO: Connection attempt from: /127.0.0.1
Feb. 24, 2024 2:11:31 P.M. app_kvServer.KVServer handleIncomingConnection
INFO: Received command: PUT hi hello
Feb. 24, 2024 2:11:31 P.M. app_kvServer.KVServer handleIncomingConnection
INFO: Handling client connection
Feb. 24, 2024 2:22:53 P.M. app_kvServer.KVServer run
INFO: Connection attempt from: /127.0.0.1
Feb. 24, 2024 2:22:56 P.M. app_kvServer.KVServer handleIncomingConnection
INFO: Received command: PUT hi hello
Feb. 24, 2024 2:22:56 P.M. app_kvServer.KVServer handleIncomingConnection
INFO: Handling client connection
Feb. 24, 2024 2:38:44 P.M. app_kvServer.KVServer run
INFO: KV Server listening on port 50000
Feb. 24, 2024 2:38:47 P.M. app_kvServer.KVServer run
INFO: Connection attempt from: /127.0.0.1
Feb. 24, 2024 2:38:47 P.M. app_kvServer.KVServer handleIncomingConnection
INFO: Received command: secret SET_CONFIG 2b786438d2c6425dc30de0077ea6494d 2b786438d2c6425dc30de0077ea6494d
Feb. 24, 2024 2:38:47 P.M. app_kvServer.KVServer handleECSCommand
INFO: Configuration updated: lowerHash=2b786438d2c6425dc30de0077ea6494d, higherHash=2b786438d2c6425dc30de0077ea6494d
Feb. 24, 2024 2:38:47 P.M. app_kvServer.KVServer run
INFO: Connection attempt from: /127.0.0.1
Feb. 24, 2024 2:38:47 P.M. app_kvServer.KVServer handleIncomingConnection
INFO: Received command: null
Feb. 24, 2024 2:38:47 P.M. app_kvServer.KVServer handleIncomingConnection
INFO: Handling client connection
Feb. 24, 2024 2:39:01 P.M. app_kvServer.KVServer run
INFO: Connection attempt from: /127.0.0.1
Feb. 24, 2024 2:39:03 P.M. app_kvServer.KVServer handleIncomingConnection
INFO: Received command: PUT hi hello
Feb. 24, 2024 2:39:03 P.M. app_kvServer.KVServer handleIncomingConnection
INFO: Handling client connection
Feb. 24, 2024 3:00:57 P.M. app_kvServer.KVServer run
INFO: KV Server listening on port 50000
Feb. 24, 2024 3:01:02 P.M. app_kvServer.KVServer run
INFO: Connection attempt from: /127.0.0.1
Feb. 24, 2024 3:01:02 P.M. app_kvServer.KVServer handleIncomingConnection
INFO: Received command: secret SET_CONFIG 2b786438d2c6425dc30de0077ea6494d 2b786438d2c6425dc30de0077ea6494d
Feb. 24, 2024 3:01:02 P.M. app_kvServer.KVServer handleECSCommand
INFO: Configuration updated: lowerHash=2b786438d2c6425dc30de0077ea6494d, higherHash=2b786438d2c6425dc30de0077ea6494d
Feb. 24, 2024 3:01:02 P.M. app_kvServer.KVServer run
INFO: Connection attempt from: /127.0.0.1
Feb. 24, 2024 3:01:02 P.M. app_kvServer.KVServer handleIncomingConnection
INFO: Received command: null
Feb. 24, 2024 3:01:02 P.M. app_kvServer.KVServer handleIncomingConnection
INFO: Handling client connection
Feb. 24, 2024 3:01:11 P.M. app_kvServer.KVServer run
INFO: Connection attempt from: /127.0.0.1
Feb. 24, 2024 3:01:14 P.M. app_kvServer.KVServer handleIncomingConnection
INFO: Received command: PUT hi hello
Feb. 24, 2024 3:01:14 P.M. app_kvServer.KVServer handleIncomingConnection
INFO: Handling client connection
Feb. 24, 2024 3:03:26 P.M. app_kvServer.KVServer run
INFO: Connection attempt from: /127.0.0.1
Feb. 24, 2024 3:03:28 P.M. app_kvServer.KVServer handleIncomingConnection
INFO: Received command: PUT hi hello
Feb. 24, 2024 3:03:28 P.M. app_kvServer.KVServer handleIncomingConnection
INFO: Handling client connection
Feb. 24, 2024 3:04:32 P.M. app_kvServer.KVServer run
INFO: Connection attempt from: /127.0.0.1
Feb. 24, 2024 3:04:34 P.M. app_kvServer.KVServer handleIncomingConnection
INFO: Received command: PUT hi hello
Feb. 24, 2024 3:04:34 P.M. app_kvServer.KVServer handleIncomingConnection
INFO: Handling client connection
Feb. 24, 2024 3:27:30 P.M. app_kvServer.KVServer run
INFO: KV Server listening on port 50000
Feb. 24, 2024 3:27:40 P.M. app_kvServer.KVServer run
INFO: Connection attempt from: /127.0.0.1
Feb. 24, 2024 3:27:42 P.M. app_kvServer.KVServer handleIncomingConnection
INFO: Received command: PUT hi hello
Feb. 24, 2024 3:27:42 P.M. app_kvServer.KVServer handleIncomingConnection
INFO: Handling client connection
Feb. 24, 2024 3:33:55 P.M. app_kvServer.KVServer run
INFO: KV Server listening on port 50001
Feb. 24, 2024 3:34:48 P.M. app_kvServer.KVServer run
INFO: KV Server listening on port 50000
Feb. 24, 2024 3:34:54 P.M. app_kvServer.KVServer run
INFO: Connection attempt from: /127.0.0.1
Feb. 24, 2024 3:34:56 P.M. app_kvServer.KVServer handleIncomingConnection
INFO: Received command: PUT hi hello
Feb. 24, 2024 3:34:56 P.M. app_kvServer.KVServer handleIncomingConnection
INFO: Handling client connection
Feb. 24, 2024 3:35:32 P.M. app_kvServer.KVServer run
INFO: KV Server listening on port 50000
Feb. 24, 2024 3:35:37 P.M. app_kvServer.KVServer run
INFO: Connection attempt from: /127.0.0.1
Feb. 24, 2024 3:35:40 P.M. app_kvServer.KVServer handleIncomingConnection
INFO: Received command: PUT hi hello
Feb. 24, 2024 3:35:40 P.M. app_kvServer.KVServer handleIncomingConnection
INFO: Handling client connection
Feb. 24, 2024 3:36:24 P.M. app_kvServer.KVServer run
INFO: KV Server listening on port 50000
Feb. 24, 2024 3:36:37 P.M. app_kvServer.KVServer run
INFO: Connection attempt from: /127.0.0.1
Feb. 24, 2024 3:36:39 P.M. app_kvServer.KVServer handleIncomingConnection
INFO: Received command: PUT hi hello
Feb. 24, 2024 3:36:39 P.M. app_kvServer.KVServer handleIncomingConnection
INFO: Handling client connection
Feb. 24, 2024 3:36:46 P.M. app_kvServer.KVServer run
INFO: KV Server listening on port 50000
Feb. 24, 2024 3:36:56 P.M. app_kvServer.KVServer run
INFO: Connection attempt from: /127.0.0.1
Feb. 24, 2024 3:36:58 P.M. app_kvServer.KVServer handleIncomingConnection
INFO: Received command: PUT hi hello
Feb. 24, 2024 3:36:58 P.M. app_kvServer.KVServer handleIncomingConnection
INFO: Handling client connection
Feb. 24, 2024 3:37:34 P.M. app_kvServer.KVServer run
INFO: KV Server listening on port 50000
Feb. 24, 2024 3:37:43 P.M. app_kvServer.KVServer run
INFO: Connection attempt from: /127.0.0.1
Feb. 24, 2024 3:37:45 P.M. app_kvServer.KVServer handleIncomingConnection
INFO: Received command: PUT hi hello
Feb. 24, 2024 3:37:45 P.M. app_kvServer.KVServer handleIncomingConnection
INFO: Handling client connection
Feb. 24, 2024 3:38:25 P.M. app_kvServer.KVServer run
INFO: KV Server listening on port 50000
Feb. 24, 2024 3:38:33 P.M. app_kvServer.KVServer run
INFO: Connection attempt from: /127.0.0.1
Feb. 24, 2024 3:38:34 P.M. app_kvServer.KVServer handleIncomingConnection
INFO: Received command: PUT hi hello
Feb. 24, 2024 3:38:34 P.M. app_kvServer.KVServer handleIncomingConnection
INFO: Handling client connection
Feb. 24, 2024 3:39:39 P.M. app_kvServer.KVServer run
INFO: KV Server listening on port 50000
Feb. 24, 2024 3:39:46 P.M. app_kvServer.KVServer run
INFO: Connection attempt from: /127.0.0.1
Feb. 24, 2024 3:39:48 P.M. app_kvServer.KVServer handleIncomingConnection
INFO: Received command: PUT hi hello
Feb. 24, 2024 3:39:48 P.M. app_kvServer.KVServer handleIncomingConnection
INFO: Handling client connection
Feb. 24, 2024 3:40:41 P.M. app_kvServer.KVServer run
INFO: KV Server listening on port 50000
Feb. 24, 2024 3:40:47 P.M. app_kvServer.KVServer run
INFO: Connection attempt from: /127.0.0.1
Feb. 24, 2024 3:40:48 P.M. app_kvServer.KVServer handleIncomingConnection
INFO: Received command: PUT hi hello
Feb. 24, 2024 3:40:48 P.M. app_kvServer.KVServer handleIncomingConnection
INFO: Handling client connection
Feb. 24, 2024 3:44:09 P.M. app_kvServer.KVServer run
INFO: KV Server listening on port 50000
Feb. 24, 2024 3:44:18 P.M. app_kvServer.KVServer run
INFO: Connection attempt from: /127.0.0.1
Feb. 24, 2024 3:44:20 P.M. app_kvServer.KVServer handleIncomingConnection
INFO: Received command: PUT hi hello
Feb. 24, 2024 3:44:20 P.M. app_kvServer.KVServer handleIncomingConnection
INFO: Handling client connection
Feb. 24, 2024 3:48:27 P.M. app_kvServer.KVServer run
INFO: KV Server listening on port 50000
Feb. 24, 2024 3:48:35 P.M. app_kvServer.KVServer run
INFO: Connection attempt from: /127.0.0.1
Feb. 24, 2024 3:48:37 P.M. app_kvServer.KVServer handleIncomingConnection
INFO: Received command: PUT hi hello
Feb. 24, 2024 3:48:37 P.M. app_kvServer.KVServer handleIncomingConnection
INFO: Handling client connection
Feb. 24, 2024 3:50:42 P.M. app_kvServer.KVServer run
INFO: KV Server listening on port 50000
Feb. 24, 2024 3:50:49 P.M. app_kvServer.KVServer run
INFO: Connection attempt from: /127.0.0.1
Feb. 24, 2024 3:50:51 P.M. app_kvServer.KVServer handleIncomingConnection
INFO: Received command: PUT hi hello
Feb. 24, 2024 3:50:51 P.M. app_kvServer.KVServer handleIncomingConnection
INFO: Handling client connection
Feb. 24, 2024 4:52:40 P.M. app_kvServer.KVServer run
INFO: KV Server listening on port 50000
Feb. 24, 2024 4:53:00 P.M. app_kvServer.KVServer run
INFO: Connection attempt from: /127.0.0.1
Feb. 24, 2024 4:53:02 P.M. app_kvServer.KVServer handleIncomingConnection
INFO: Received command: PUT hi hello
Feb. 24, 2024 4:53:02 P.M. app_kvServer.KVServer handleIncomingConnection
INFO: Handling client connection
Feb. 24, 2024 4:58:10 P.M. app_kvServer.KVServer run
INFO: KV Server listening on port 50000
Feb. 24, 2024 4:58:16 P.M. app_kvServer.KVServer run
INFO: Connection attempt from: /127.0.0.1
Feb. 24, 2024 4:58:19 P.M. app_kvServer.KVServer handleIncomingConnection
INFO: Received command: PUT hi hello
Feb. 24, 2024 4:58:19 P.M. app_kvServer.KVServer handleIncomingConnection
INFO: Handling client connection
Feb. 24, 2024 5:10:23 P.M. app_kvServer.KVServer run
INFO: KV Server listening on port 50000
Feb. 24, 2024 5:10:32 P.M. app_kvServer.KVServer run
INFO: Connection attempt from: /127.0.0.1
Feb. 24, 2024 5:10:34 P.M. app_kvServer.KVServer handleIncomingConnection
INFO: Received command: PUT hi hello
Feb. 24, 2024 5:10:34 P.M. app_kvServer.KVServer handleIncomingConnection
INFO: Handling client connection
Feb. 24, 2024 5:12:03 P.M. app_kvServer.KVServer run
INFO: KV Server listening on port 50000
Feb. 24, 2024 5:12:09 P.M. app_kvServer.KVServer run
INFO: Connection attempt from: /127.0.0.1
Feb. 24, 2024 5:12:11 P.M. app_kvServer.KVServer handleIncomingConnection
INFO: Received command: PUT hi hello
Feb. 24, 2024 5:12:11 P.M. app_kvServer.KVServer handleIncomingConnection
INFO: Handling client connection
Feb. 24, 2024 5:44:46 P.M. app_kvServer.KVServer run
INFO: KV Server listening on port 50000
Feb. 24, 2024 5:44:53 P.M. app_kvServer.KVServer run
INFO: Connection attempt from: /127.0.0.1
Feb. 24, 2024 5:44:56 P.M. app_kvServer.KVServer handleIncomingConnection
INFO: Received command: PUT hi hello
Feb. 24, 2024 5:44:56 P.M. app_kvServer.KVServer handleIncomingConnection
INFO: Handling client connection
Feb. 24, 2024 6:29:32 P.M. app_kvServer.KVServer run
INFO: KV Server listening on port 50000
Feb. 24, 2024 6:29:40 P.M. app_kvServer.KVServer run
INFO: Connection attempt from: /127.0.0.1
Feb. 24, 2024 6:29:42 P.M. app_kvServer.KVServer handleIncomingConnection
INFO: Received command: PUT hi hello
Feb. 24, 2024 6:29:42 P.M. app_kvServer.KVServer handleIncomingConnection
INFO: Handling client connection
Feb. 24, 2024 6:35:13 P.M. app_kvServer.KVServer run
INFO: KV Server listening on port 50000
Feb. 24, 2024 6:35:18 P.M. app_kvServer.KVServer run
INFO: Connection attempt from: /127.0.0.1
Feb. 24, 2024 6:35:20 P.M. app_kvServer.KVServer handleIncomingConnection
INFO: Received command: PUT hi hello
Feb. 24, 2024 6:35:20 P.M. app_kvServer.KVServer handleIncomingConnection
INFO: Handling client connection
Feb. 24, 2024 6:35:49 P.M. app_kvServer.KVServer run
INFO: KV Server listening on port 50000
Feb. 24, 2024 6:35:58 P.M. app_kvServer.KVServer run
INFO: Connection attempt from: /127.0.0.1
Feb. 24, 2024 6:35:59 P.M. app_kvServer.KVServer handleIncomingConnection
INFO: Received command: PUT hi hello
Feb. 24, 2024 6:35:59 P.M. app_kvServer.KVServer handleIncomingConnection
INFO: Handling client connection
Feb. 24, 2024 7:26:14 P.M. app_kvServer.KVServer run
INFO: KV Server listening on port 50000
Feb. 24, 2024 7:26:22 P.M. app_kvServer.KVServer run
INFO: Connection attempt from: /127.0.0.1
Feb. 24, 2024 7:26:25 P.M. app_kvServer.KVServer handleIncomingConnection
INFO: Received command: PUT hi hello
Feb. 24, 2024 7:26:25 P.M. app_kvServer.KVServer handleIncomingConnection
INFO: Handling client connection
Feb. 24, 2024 9:36:43 P.M. app_kvServer.KVServer run
INFO: KV Server listening on port 50000
Feb. 24, 2024 9:36:51 P.M. app_kvServer.KVServer run
INFO: Connection attempt from: /127.0.0.1
Feb. 24, 2024 9:36:53 P.M. app_kvServer.KVServer handleIncomingConnection
INFO: Received command: PUT hi hello
Feb. 24, 2024 9:36:53 P.M. app_kvServer.KVServer handleIncomingConnection
INFO: Handling client connection
Feb. 24, 2024 9:48:38 P.M. app_kvServer.KVServer run
INFO: KV Server listening on port 50000
Feb. 24, 2024 9:48:47 P.M. app_kvServer.KVServer run
INFO: Connection attempt from: /127.0.0.1
Feb. 24, 2024 9:48:49 P.M. app_kvServer.KVServer handleIncomingConnection
INFO: Received command: PUT hi hello
Feb. 24, 2024 9:48:49 P.M. app_kvServer.KVServer handleIncomingConnection
INFO: Handling client connection
Feb. 24, 2024 9:50:33 P.M. app_kvServer.KVServer run
INFO: KV Server listening on port 50000
Feb. 24, 2024 9:50:38 P.M. app_kvServer.KVServer run
INFO: Connection attempt from: /127.0.0.1
Feb. 24, 2024 9:50:41 P.M. app_kvServer.KVServer handleIncomingConnection
INFO: Received command: PUT hi hello
Feb. 24, 2024 9:50:41 P.M. app_kvServer.KVServer handleIncomingConnection
INFO: Handling client connection
Feb. 24, 2024 9:51:19 P.M. app_kvServer.KVServer run
INFO: KV Server listening on port 50000
Feb. 24, 2024 9:51:26 P.M. app_kvServer.KVServer run
INFO: Connection attempt from: /127.0.0.1
Feb. 24, 2024 9:51:28 P.M. app_kvServer.KVServer handleIncomingConnection
INFO: Received command: PUT hi hello
Feb. 24, 2024 9:51:28 P.M. app_kvServer.KVServer handleIncomingConnection
INFO: Handling client connection
Feb. 24, 2024 9:52:01 P.M. app_kvServer.KVServer run
INFO: KV Server listening on port 50000
Feb. 24, 2024 9:52:08 P.M. app_kvServer.KVServer run
INFO: Connection attempt from: /127.0.0.1
Feb. 24, 2024 9:52:10 P.M. app_kvServer.KVServer handleIncomingConnection
INFO: Received command: PUT hi hello
Feb. 24, 2024 9:52:10 P.M. app_kvServer.KVServer handleIncomingConnection
INFO: Handling client connection
Feb. 24, 2024 9:52:43 P.M. app_kvServer.KVServer run
INFO: KV Server listening on port 50000
Feb. 24, 2024 9:52:50 P.M. app_kvServer.KVServer run
INFO: Connection attempt from: /127.0.0.1
Feb. 24, 2024 9:52:53 P.M. app_kvServer.KVServer handleIncomingConnection
INFO: Received command: PUT hi hello
Feb. 24, 2024 9:52:53 P.M. app_kvServer.KVServer handleIncomingConnection
INFO: Handling client connection
Feb. 24, 2024 9:59:43 P.M. app_kvServer.KVServer run
INFO: KV Server listening on port 50000
Feb. 24, 2024 9:59:48 P.M. app_kvServer.KVServer run
INFO: Connection attempt from: /127.0.0.1
Feb. 24, 2024 9:59:50 P.M. app_kvServer.KVServer handleIncomingConnection
INFO: Received command: PUT hi hello
Feb. 24, 2024 9:59:50 P.M. app_kvServer.KVServer handleIncomingConnection
INFO: Handling client connection
Feb. 24, 2024 10:08:16 P.M. app_kvServer.KVServer run
INFO: KV Server listening on port 50000
Feb. 24, 2024 10:08:22 P.M. app_kvServer.KVServer run
INFO: Connection attempt from: /127.0.0.1
Feb. 24, 2024 10:08:26 P.M. app_kvServer.KVServer handleIncomingConnection
INFO: Received command: PUT hi hello
Feb. 24, 2024 10:08:26 P.M. app_kvServer.KVServer handleIncomingConnection
INFO: Handling client connection
Feb. 24, 2024 10:22:56 P.M. app_kvServer.KVServer run
INFO: KV Server listening on port 50000
Feb. 24, 2024 10:23:07 P.M. app_kvServer.KVServer run
INFO: Connection attempt from: /127.0.0.1
Feb. 24, 2024 10:23:09 P.M. app_kvServer.KVServer handleIncomingConnection
INFO: Received command: PUT hi hello
Feb. 24, 2024 10:23:09 P.M. app_kvServer.KVServer handleIncomingConnection
INFO: Handling client connection
Feb. 24, 2024 10:28:52 P.M. app_kvServer.KVServer run
INFO: KV Server listening on port 50000
Feb. 24, 2024 10:28:59 P.M. app_kvServer.KVServer run
INFO: Connection attempt from: /127.0.0.1
Feb. 24, 2024 10:29:02 P.M. app_kvServer.KVServer handleIncomingConnection
INFO: Received command: PUT hi hello
Feb. 24, 2024 10:29:02 P.M. app_kvServer.KVServer handleIncomingConnection
INFO: Handling client connection
Feb. 24, 2024 10:35:52 P.M. app_kvServer.KVServer run
INFO: KV Server listening on port 50000
Feb. 24, 2024 10:36:00 P.M. app_kvServer.KVServer run
INFO: Connection attempt from: /127.0.0.1
Feb. 24, 2024 10:36:02 P.M. app_kvServer.KVServer handleIncomingConnection
INFO: Received command: PUT hi hello
Feb. 24, 2024 10:36:02 P.M. app_kvServer.KVServer handleIncomingConnection
INFO: Handling client connection
Feb. 24, 2024 10:43:41 P.M. app_kvServer.KVServer run
INFO: KV Server listening on port 50000
Feb. 24, 2024 10:43:46 P.M. app_kvServer.KVServer run
INFO: Connection attempt from: /127.0.0.1
Feb. 24, 2024 10:43:49 P.M. app_kvServer.KVServer handleIncomingConnection
INFO: Received command: PUT hi hello
Feb. 24, 2024 10:43:49 P.M. app_kvServer.KVServer handleIncomingConnection
INFO: Handling client connection
Feb. 25, 2024 9:28:13 A.M. app_kvServer.KVServer run
INFO: KV Server listening on port 50000
Feb. 25, 2024 9:28:23 A.M. app_kvServer.KVServer run
INFO: Connection attempt from: /127.0.0.1
Feb. 25, 2024 9:28:25 A.M. app_kvServer.KVServer handleIncomingConnection
INFO: Received command: PUT hi hello
Feb. 25, 2024 9:28:25 A.M. app_kvServer.KVServer handleIncomingConnection
INFO: Handling client connection
Feb. 25, 2024 9:36:05 A.M. app_kvServer.KVServer run
INFO: KV Server listening on port 50001
Feb. 25, 2024 9:36:37 A.M. app_kvServer.KVServer run
INFO: Connection attempt from: /127.0.0.1
Feb. 25, 2024 9:36:37 A.M. app_kvServer.KVServer handleIncomingConnection
INFO: Received command: secret SET_CONFIG 2b786438d2c6425dc30de0077ea6494d 0221f85727f09bb279fa843d25c48052
Feb. 25, 2024 9:36:37 A.M. app_kvServer.KVServer handleECSCommand
INFO: Configuration updated: lowerHash=2b786438d2c6425dc30de0077ea6494d, higherHash=0221f85727f09bb279fa843d25c48052
Feb. 25, 2024 9:36:37 A.M. app_kvServer.KVServer run
INFO: Connection attempt from: /127.0.0.1
Feb. 25, 2024 9:36:37 A.M. app_kvServer.KVServer handleIncomingConnection
INFO: Received command: null
Feb. 25, 2024 9:36:37 A.M. app_kvServer.KVServer handleIncomingConnection
INFO: Handling client connection
Feb. 25, 2024 9:44:08 A.M. app_kvServer.KVServer run
INFO: KV Server listening on port 50001
Feb. 25, 2024 9:44:13 A.M. app_kvServer.KVServer run
INFO: Connection attempt from: /127.0.0.1
Feb. 25, 2024 9:44:13 A.M. app_kvServer.KVServer handleIncomingConnection
INFO: Received command: secret SET_CONFIG 2b786438d2c6425dc30de0077ea6494d 2b786438d2c6425dc30de0077ea6494d
Feb. 25, 2024 9:44:13 A.M. app_kvServer.KVServer handleECSCommand
INFO: Configuration updated: lowerHash=2b786438d2c6425dc30de0077ea6494d, higherHash=2b786438d2c6425dc30de0077ea6494d
Feb. 25, 2024 9:44:13 A.M. app_kvServer.KVServer run
INFO: Connection attempt from: /127.0.0.1
Feb. 25, 2024 9:44:13 A.M. app_kvServer.KVServer handleIncomingConnection
INFO: Received command: null
Feb. 25, 2024 9:44:13 A.M. app_kvServer.KVServer handleIncomingConnection
INFO: Handling client connection
Feb. 25, 2024 9:45:20 A.M. app_kvServer.KVServer run
INFO: KV Server listening on port 50000
Feb. 25, 2024 9:45:23 A.M. app_kvServer.KVServer run
INFO: Connection attempt from: /127.0.0.1
Feb. 25, 2024 9:45:23 A.M. app_kvServer.KVServer handleIncomingConnection
INFO: Received command: secret SET_CONFIG 2b786438d2c6425dc30de0077ea6494d 2b786438d2c6425dc30de0077ea6494d
Feb. 25, 2024 9:45:23 A.M. app_kvServer.KVServer handleECSCommand
INFO: Configuration updated: lowerHash=2b786438d2c6425dc30de0077ea6494d, higherHash=2b786438d2c6425dc30de0077ea6494d
Feb. 25, 2024 9:45:23 A.M. app_kvServer.KVServer run
INFO: Connection attempt from: /127.0.0.1
Feb. 25, 2024 9:45:23 A.M. app_kvServer.KVServer handleIncomingConnection
INFO: Received command: null
Feb. 25, 2024 9:45:23 A.M. app_kvServer.KVServer handleIncomingConnection
INFO: Handling client connection
Feb. 25, 2024 9:52:57 A.M. app_kvServer.KVServer run
INFO: KV Server listening on port 50001
Feb. 25, 2024 9:53:01 A.M. app_kvServer.KVServer run
INFO: Connection attempt from: /127.0.0.1
Feb. 25, 2024 9:53:01 A.M. app_kvServer.KVServer handleIncomingConnection
INFO: Received command: secret SET_CONFIG 2b786438d2c6425dc30de0077ea6494d 2b786438d2c6425dc30de0077ea6494d
Feb. 25, 2024 9:53:01 A.M. app_kvServer.KVServer handleECSCommand
INFO: Configuration updated: lowerHash=2b786438d2c6425dc30de0077ea6494d, higherHash=2b786438d2c6425dc30de0077ea6494d
Feb. 25, 2024 9:53:01 A.M. app_kvServer.KVServer run
INFO: Connection attempt from: /127.0.0.1
Feb. 25, 2024 9:53:01 A.M. app_kvServer.KVServer handleIncomingConnection
INFO: Received command: null
Feb. 25, 2024 9:53:01 A.M. app_kvServer.KVServer handleIncomingConnection
INFO: Handling client connection
Feb. 25, 2024 9:57:37 A.M. app_kvServer.KVServer run
INFO: KV Server listening on port 50001
Feb. 25, 2024 9:57:40 A.M. app_kvServer.KVServer run
INFO: Connection attempt from: /127.0.0.1
Feb. 25, 2024 9:57:40 A.M. app_kvServer.KVServer handleIncomingConnection
INFO: Received command: secret SET_CONFIG 2b786438d2c6425dc30de0077ea6494d 2b786438d2c6425dc30de0077ea6494d
Feb. 25, 2024 9:57:40 A.M. app_kvServer.KVServer handleECSCommand
INFO: Configuration updated: lowerHash=2b786438d2c6425dc30de0077ea6494d, higherHash=2b786438d2c6425dc30de0077ea6494d
Feb. 25, 2024 9:57:40 A.M. app_kvServer.KVServer run
INFO: Connection attempt from: /127.0.0.1
Feb. 25, 2024 9:57:40 A.M. app_kvServer.KVServer handleIncomingConnection
INFO: Received command: secret SET_CONFIG 2b786438d2c6425dc30de0077ea6494d 2b786438d2c6425dc30de0077ea6494d
Feb. 25, 2024 9:57:40 A.M. app_kvServer.KVServer handleECSCommand
INFO: Configuration updated: lowerHash=2b786438d2c6425dc30de0077ea6494d, higherHash=2b786438d2c6425dc30de0077ea6494d
Feb. 25, 2024 9:57:40 A.M. app_kvServer.KVServer run
INFO: Connection attempt from: /127.0.0.1
Feb. 25, 2024 9:57:40 A.M. app_kvServer.KVServer handleIncomingConnection
INFO: Received command: null
Feb. 25, 2024 9:57:40 A.M. app_kvServer.KVServer handleIncomingConnection
INFO: Handling client connection
Feb. 25, 2024 10:06:54 A.M. app_kvServer.KVServer run
INFO: KV Server listening on port 50001
Feb. 25, 2024 10:06:56 A.M. app_kvServer.KVServer run
INFO: Connection attempt from: /127.0.0.1
Feb. 25, 2024 10:06:56 A.M. app_kvServer.KVServer handleIncomingConnection
INFO: Received command: secret SET_CONFIG 2b786438d2c6425dc30de0077ea6494d 2b786438d2c6425dc30de0077ea6494d
Feb. 25, 2024 10:06:56 A.M. app_kvServer.KVServer handleECSCommand
INFO: Configuration updated: lowerHash=2b786438d2c6425dc30de0077ea6494d, higherHash=2b786438d2c6425dc30de0077ea6494d
Feb. 25, 2024 10:06:56 A.M. app_kvServer.KVServer run
INFO: Connection attempt from: /127.0.0.1
Feb. 25, 2024 10:06:56 A.M. app_kvServer.KVServer handleIncomingConnection
INFO: Received command: secret SET_CONFIG 2b786438d2c6425dc30de0077ea6494d 2b786438d2c6425dc30de0077ea6494d
Feb. 25, 2024 10:06:56 A.M. app_kvServer.KVServer handleECSCommand
INFO: Configuration updated: lowerHash=2b786438d2c6425dc30de0077ea6494d, higherHash=2b786438d2c6425dc30de0077ea6494d
Feb. 25, 2024 10:06:56 A.M. app_kvServer.KVServer run
INFO: Connection attempt from: /127.0.0.1
Feb. 25, 2024 10:06:56 A.M. app_kvServer.KVServer handleIncomingConnection
INFO: Received command: null
Feb. 25, 2024 10:06:56 A.M. app_kvServer.KVServer handleIncomingConnection
INFO: Handling client connection
Feb. 25, 2024 10:11:34 A.M. app_kvServer.KVServer run
INFO: KV Server listening on port 50001
Feb. 25, 2024 10:11:37 A.M. app_kvServer.KVServer run
INFO: Connection attempt from: /127.0.0.1
Feb. 25, 2024 10:11:37 A.M. app_kvServer.KVServer handleIncomingConnection
INFO: Received command: secret SET_CONFIG 2b786438d2c6425dc30de0077ea6494d 2b786438d2c6425dc30de0077ea6494d
Feb. 25, 2024 10:11:37 A.M. app_kvServer.KVServer handleECSCommand
INFO: Configuration updated: lowerHash=2b786438d2c6425dc30de0077ea6494d, higherHash=2b786438d2c6425dc30de0077ea6494d
Feb. 25, 2024 10:11:37 A.M. app_kvServer.KVServer run
INFO: Connection attempt from: /127.0.0.1
Feb. 25, 2024 10:11:37 A.M. app_kvServer.KVServer handleIncomingConnection
INFO: Received command: secret SET_CONFIG 2b786438d2c6425dc30de0077ea6494d 2b786438d2c6425dc30de0077ea6494d
Feb. 25, 2024 10:11:37 A.M. app_kvServer.KVServer handleECSCommand
INFO: Configuration updated: lowerHash=2b786438d2c6425dc30de0077ea6494d, higherHash=2b786438d2c6425dc30de0077ea6494d
Feb. 25, 2024 10:11:37 A.M. app_kvServer.KVServer run
INFO: Connection attempt from: /127.0.0.1
Feb. 25, 2024 10:11:37 A.M. app_kvServer.KVServer handleIncomingConnection
INFO: Received command: null
Feb. 25, 2024 10:11:37 A.M. app_kvServer.KVServer handleIncomingConnection
INFO: Handling client connection
Feb. 25, 2024 10:23:32 A.M. app_kvServer.KVServer run
INFO: KV Server listening on port 50000
Feb. 25, 2024 10:23:35 A.M. app_kvServer.KVServer run
INFO: Connection attempt from: /127.0.0.1
Feb. 25, 2024 10:23:35 A.M. app_kvServer.KVServer handleIncomingConnection
INFO: Received command: secret SET_CONFIG 2b786438d2c6425dc30de0077ea6494d 2b786438d2c6425dc30de0077ea6494d
Feb. 25, 2024 10:23:35 A.M. app_kvServer.KVServer handleECSCommand
INFO: Configuration updated: lowerHash=2b786438d2c6425dc30de0077ea6494d, higherHash=2b786438d2c6425dc30de0077ea6494d
Feb. 25, 2024 10:23:35 A.M. app_kvServer.KVServer run
INFO: Connection attempt from: /127.0.0.1
Feb. 25, 2024 10:23:35 A.M. app_kvServer.KVServer handleIncomingConnection
INFO: Received command: secret SET_CONFIG 2b786438d2c6425dc30de0077ea6494d 2b786438d2c6425dc30de0077ea6494d
Feb. 25, 2024 10:23:35 A.M. app_kvServer.KVServer handleECSCommand
INFO: Configuration updated: lowerHash=2b786438d2c6425dc30de0077ea6494d, higherHash=2b786438d2c6425dc30de0077ea6494d
Feb. 25, 2024 10:23:35 A.M. app_kvServer.KVServer run
INFO: Connection attempt from: /127.0.0.1
Feb. 25, 2024 10:23:35 A.M. app_kvServer.KVServer handleIncomingConnection
INFO: Received command: secret SET_CONFIG 0221f85727f09bb279fa843d25c48052 2b786438d2c6425dc30de0077ea6494d
Feb. 25, 2024 10:23:35 A.M. app_kvServer.KVServer handleECSCommand
INFO: Configuration updated: lowerHash=0221f85727f09bb279fa843d25c48052, higherHash=2b786438d2c6425dc30de0077ea6494d
Feb. 25, 2024 10:23:35 A.M. app_kvServer.KVServer run
INFO: Connection attempt from: /127.0.0.1
Feb. 25, 2024 10:23:35 A.M. app_kvServer.KVServer handleIncomingConnection
INFO: Received command: null
Feb. 25, 2024 10:23:35 A.M. app_kvServer.KVServer handleIncomingConnection
INFO: Handling client connection
Feb. 25, 2024 10:29:26 A.M. app_kvServer.KVServer run
INFO: Connection attempt from: /127.0.0.1
Feb. 25, 2024 10:29:26 A.M. app_kvServer.KVServer handleIncomingConnection
INFO: Received command: secret SET_CONFIG 2b786438d2c6425dc30de0077ea6494d 2b786438d2c6425dc30de0077ea6494d
Feb. 25, 2024 10:29:26 A.M. app_kvServer.KVServer handleECSCommand
INFO: Configuration updated: lowerHash=2b786438d2c6425dc30de0077ea6494d, higherHash=2b786438d2c6425dc30de0077ea6494d
Feb. 25, 2024 10:29:26 A.M. app_kvServer.KVServer run
INFO: Connection attempt from: /127.0.0.1
Feb. 25, 2024 10:29:26 A.M. app_kvServer.KVServer handleIncomingConnection
INFO: Received command: secret SET_CONFIG 2b786438d2c6425dc30de0077ea6494d 2b786438d2c6425dc30de0077ea6494d
Feb. 25, 2024 10:29:26 A.M. app_kvServer.KVServer handleECSCommand
INFO: Configuration updated: lowerHash=2b786438d2c6425dc30de0077ea6494d, higherHash=2b786438d2c6425dc30de0077ea6494d
Feb. 25, 2024 10:29:26 A.M. app_kvServer.KVServer run
INFO: Connection attempt from: /127.0.0.1
Feb. 25, 2024 10:29:26 A.M. app_kvServer.KVServer handleIncomingConnection
INFO: Received command: secret SET_CONFIG 0221f85727f09bb279fa843d25c48052 2b786438d2c6425dc30de0077ea6494d
Feb. 25, 2024 10:29:26 A.M. app_kvServer.KVServer handleECSCommand
INFO: Configuration updated: lowerHash=0221f85727f09bb279fa843d25c48052, higherHash=2b786438d2c6425dc30de0077ea6494d
Feb. 25, 2024 10:29:26 A.M. app_kvServer.KVServer run
INFO: Connection attempt from: /127.0.0.1
Feb. 25, 2024 10:29:26 A.M. app_kvServer.KVServer handleIncomingConnection
INFO: Received command: null
Feb. 25, 2024 10:29:26 A.M. app_kvServer.KVServer handleIncomingConnection
INFO: Handling client connection
Feb. 25, 2024 10:32:42 A.M. app_kvServer.KVServer run
INFO: Connection attempt from: /127.0.0.1
Feb. 25, 2024 10:55:10 A.M. app_kvServer.KVServer run
INFO: KV Server listening on port 50001
Feb. 25, 2024 10:55:16 A.M. app_kvServer.KVServer run
INFO: Connection attempt from: /127.0.0.1
Feb. 25, 2024 10:55:16 A.M. app_kvServer.KVServer handleIncomingConnection
INFO: Received command: secret SET_CONFIG 2b786438d2c6425dc30de0077ea6494d 0221f85727f09bb279fa843d25c48052
Feb. 25, 2024 10:55:16 A.M. app_kvServer.KVServer handleECSCommand
INFO: Configuration updated: lowerHash=2b786438d2c6425dc30de0077ea6494d, higherHash=0221f85727f09bb279fa843d25c48052
Feb. 25, 2024 10:55:16 A.M. app_kvServer.KVServer run
INFO: Connection attempt from: /127.0.0.1
Feb. 25, 2024 10:55:16 A.M. app_kvServer.KVServer handleIncomingConnection
INFO: Received command: secret SET_CONFIG 2b786438d2c6425dc30de0077ea6494d 2b786438d2c6425dc30de0077ea6494d
Feb. 25, 2024 10:55:16 A.M. app_kvServer.KVServer handleECSCommand
INFO: Configuration updated: lowerHash=2b786438d2c6425dc30de0077ea6494d, higherHash=2b786438d2c6425dc30de0077ea6494d
Feb. 25, 2024 10:55:16 A.M. app_kvServer.KVServer run
INFO: Connection attempt from: /127.0.0.1
Feb. 25, 2024 10:55:16 A.M. app_kvServer.KVServer handleIncomingConnection
INFO: Received command: null
Feb. 25, 2024 10:55:16 A.M. app_kvServer.KVServer handleIncomingConnection
INFO: Handling client connection
Feb. 25, 2024 11:01:19 A.M. app_kvServer.KVServer run
INFO: KV Server listening on port 50001
Feb. 25, 2024 11:01:22 A.M. app_kvServer.KVServer run
INFO: Connection attempt from: /127.0.0.1
Feb. 25, 2024 11:01:22 A.M. app_kvServer.KVServer handleIncomingConnection
INFO: Received command: secret SET_CONFIG 2b786438d2c6425dc30de0077ea6494d 0221f85727f09bb279fa843d25c48052
Feb. 25, 2024 11:01:22 A.M. app_kvServer.KVServer handleECSCommand
INFO: Configuration updated: lowerHash=2b786438d2c6425dc30de0077ea6494d, higherHash=0221f85727f09bb279fa843d25c48052
Feb. 25, 2024 11:01:22 A.M. app_kvServer.KVServer run
INFO: Connection attempt from: /127.0.0.1
Feb. 25, 2024 11:01:22 A.M. app_kvServer.KVServer handleIncomingConnection
INFO: Received command: secret SET_CONFIG 2b786438d2c6425dc30de0077ea6494d 0221f85727f09bb279fa843d25c48052
Feb. 25, 2024 11:01:22 A.M. app_kvServer.KVServer handleECSCommand
INFO: Configuration updated: lowerHash=2b786438d2c6425dc30de0077ea6494d, higherHash=0221f85727f09bb279fa843d25c48052
Feb. 25, 2024 11:01:22 A.M. app_kvServer.KVServer run
INFO: Connection attempt from: /127.0.0.1
Feb. 25, 2024 11:01:22 A.M. app_kvServer.KVServer handleIncomingConnection
INFO: Received command: null
Feb. 25, 2024 11:01:22 A.M. app_kvServer.KVServer handleIncomingConnection
INFO: Handling client connection
Feb. 25, 2024 11:15:51 A.M. app_kvServer.KVServer run
INFO: KV Server listening on port 50000
Feb. 25, 2024 11:16:03 A.M. app_kvServer.KVServer run
INFO: Connection attempt from: /127.0.0.1
Feb. 25, 2024 11:16:06 A.M. app_kvServer.KVServer handleIncomingConnection
INFO: Received command: PUT hi hello
Feb. 25, 2024 11:16:06 A.M. app_kvServer.KVServer handleIncomingConnection
INFO: Handling client connection
Feb. 25, 2024 11:20:33 A.M. app_kvServer.KVServer run
INFO: KV Server listening on port 50000
Feb. 25, 2024 11:20:38 A.M. app_kvServer.KVServer run
INFO: Connection attempt from: /127.0.0.1
Feb. 25, 2024 11:20:38 A.M. app_kvServer.KVServer handleIncomingConnection
INFO: Received command: secret SET_CONFIG 2b786438d2c6425dc30de0077ea6494d 2b786438d2c6425dc30de0077ea6494d
Feb. 25, 2024 11:20:38 A.M. app_kvServer.KVServer handleECSCommand
INFO: Configuration updated: lowerHash=2b786438d2c6425dc30de0077ea6494d, higherHash=2b786438d2c6425dc30de0077ea6494d
Feb. 25, 2024 11:20:38 A.M. app_kvServer.KVServer run
INFO: Connection attempt from: /127.0.0.1
Feb. 25, 2024 11:20:38 A.M. app_kvServer.KVServer handleIncomingConnection
INFO: Received command: secret SET_CONFIG 2b786438d2c6425dc30de0077ea6494d 2b786438d2c6425dc30de0077ea6494d
Feb. 25, 2024 11:20:38 A.M. app_kvServer.KVServer handleECSCommand
INFO: Configuration updated: lowerHash=2b786438d2c6425dc30de0077ea6494d, higherHash=2b786438d2c6425dc30de0077ea6494d
Feb. 25, 2024 11:20:38 A.M. app_kvServer.KVServer run
INFO: Connection attempt from: /127.0.0.1
Feb. 25, 2024 11:20:38 A.M. app_kvServer.KVServer handleIncomingConnection
INFO: Received command: secret SET_CONFIG 0221f85727f09bb279fa843d25c48052 2b786438d2c6425dc30de0077ea6494d
Feb. 25, 2024 11:20:38 A.M. app_kvServer.KVServer handleECSCommand
INFO: Configuration updated: lowerHash=0221f85727f09bb279fa843d25c48052, higherHash=2b786438d2c6425dc30de0077ea6494d
Feb. 25, 2024 11:20:44 A.M. app_kvServer.KVServer run
INFO: Connection attempt from: /127.0.0.1
Feb. 25, 2024 11:20:44 A.M. app_kvServer.KVServer handleIncomingConnection
INFO: Received command: null
Feb. 25, 2024 11:20:44 A.M. app_kvServer.KVServer handleIncomingConnection
INFO: Handling client connection
Feb. 25, 2024 11:20:51 A.M. app_kvServer.KVServer run
INFO: Connection attempt from: /127.0.0.1
Feb. 25, 2024 11:20:53 A.M. app_kvServer.KVServer handleIncomingConnection
INFO: Received command: PUT hi hello
Feb. 25, 2024 11:20:53 A.M. app_kvServer.KVServer handleIncomingConnection
INFO: Handling client connection
Feb. 25, 2024 11:22:09 A.M. app_kvServer.KVServer run
INFO: KV Server listening on port 50000
Feb. 25, 2024 11:22:18 A.M. app_kvServer.KVServer run
INFO: Connection attempt from: /127.0.0.1
Feb. 25, 2024 11:22:20 A.M. app_kvServer.KVServer handleIncomingConnection
INFO: Received command: PUT hi hello
Feb. 25, 2024 11:22:20 A.M. app_kvServer.KVServer handleIncomingConnection
INFO: Handling client connection
Feb. 25, 2024 11:22:51 A.M. app_kvServer.KVServer run
INFO: KV Server listening on port 50000
Feb. 25, 2024 11:22:56 A.M. app_kvServer.KVServer run
INFO: Connection attempt from: /127.0.0.1
Feb. 25, 2024 11:22:58 A.M. app_kvServer.KVServer handleIncomingConnection
INFO: Received command: PUT hi hello
Feb. 25, 2024 11:22:58 A.M. app_kvServer.KVServer handleIncomingConnection
INFO: Handling client connection
Feb. 25, 2024 11:23:55 A.M. app_kvServer.KVServer run
INFO: KV Server listening on port 50000
Feb. 25, 2024 11:24:03 A.M. app_kvServer.KVServer run
INFO: Connection attempt from: /127.0.0.1
Feb. 25, 2024 11:24:06 A.M. app_kvServer.KVServer handleIncomingConnection
INFO: Received command: PUT hi hello
Feb. 25, 2024 11:24:06 A.M. app_kvServer.KVServer handleIncomingConnection
INFO: Handling client connection
Feb. 25, 2024 11:25:24 A.M. app_kvServer.KVServer run
INFO: KV Server listening on port 50000
Feb. 25, 2024 11:25:29 A.M. app_kvServer.KVServer run
INFO: Connection attempt from: /127.0.0.1
Feb. 25, 2024 11:25:31 A.M. app_kvServer.KVServer handleIncomingConnection
INFO: Received command: PUT hi hello
Feb. 25, 2024 11:25:31 A.M. app_kvServer.KVServer handleIncomingConnection
INFO: Handling client connection
Feb. 25, 2024 11:28:40 A.M. app_kvServer.KVServer run
INFO: KV Server listening on port 50000
Feb. 25, 2024 11:28:47 A.M. app_kvServer.KVServer run
INFO: Connection attempt from: /127.0.0.1
Feb. 25, 2024 11:28:50 A.M. app_kvServer.KVServer handleIncomingConnection
INFO: Received command: PUT hi hello
Feb. 25, 2024 11:28:50 A.M. app_kvServer.KVServer handleIncomingConnection
INFO: Handling client connection
Feb. 25, 2024 11:34:43 A.M. app_kvServer.KVServer run
INFO: KV Server listening on port 50000
Feb. 25, 2024 11:34:48 A.M. app_kvServer.KVServer run
INFO: Connection attempt from: /127.0.0.1
Feb. 25, 2024 11:34:50 A.M. app_kvServer.KVServer handleIncomingConnection
INFO: Received command: PUT hi hello
Feb. 25, 2024 11:34:50 A.M. app_kvServer.KVServer handleIncomingConnection
INFO: Handling client connection
Feb. 25, 2024 11:35:28 A.M. app_kvServer.KVServer run
INFO: KV Server listening on port 50000
Feb. 25, 2024 11:35:36 A.M. app_kvServer.KVServer run
INFO: Connection attempt from: /127.0.0.1
Feb. 25, 2024 11:35:38 A.M. app_kvServer.KVServer handleIncomingConnection
INFO: Received command: PUT hi hello
Feb. 25, 2024 11:35:38 A.M. app_kvServer.KVServer handleIncomingConnection
INFO: Handling client connection
Feb. 25, 2024 11:43:31 A.M. app_kvServer.KVServer run
INFO: KV Server listening on port 50000
Feb. 25, 2024 11:43:36 A.M. app_kvServer.KVServer run
INFO: Connection attempt from: /127.0.0.1
Feb. 25, 2024 11:43:38 A.M. app_kvServer.KVServer handleIncomingConnection
INFO: Received command: PUT hi hello
Feb. 25, 2024 11:43:38 A.M. app_kvServer.KVServer handleIncomingConnection
INFO: Handling client connection
Feb. 25, 2024 11:53:24 A.M. app_kvServer.KVServer run
INFO: KV Server listening on port 50000
Feb. 25, 2024 11:53:29 A.M. app_kvServer.KVServer run
INFO: Connection attempt from: /127.0.0.1
Feb. 25, 2024 11:53:31 A.M. app_kvServer.KVServer handleIncomingConnection
INFO: Received command: PUT hi hello
Feb. 25, 2024 11:53:31 A.M. app_kvServer.KVServer handleIncomingConnection
INFO: Handling client connection
Feb. 25, 2024 11:53:49 A.M. app_kvServer.KVServer run
INFO: KV Server listening on port 50000
Feb. 25, 2024 11:53:54 A.M. app_kvServer.KVServer run
INFO: Connection attempt from: /127.0.0.1
Feb. 25, 2024 11:53:54 A.M. app_kvServer.KVServer handleIncomingConnection
INFO: Received command: secret SET_CONFIG 2b786438d2c6425dc30de0077ea6494d 2b786438d2c6425dc30de0077ea6494d
Feb. 25, 2024 11:53:54 A.M. app_kvServer.KVServer handleECSCommand
INFO: Configuration updated: lowerHash=2b786438d2c6425dc30de0077ea6494d, higherHash=2b786438d2c6425dc30de0077ea6494d
Feb. 25, 2024 11:53:54 A.M. app_kvServer.KVServer run
INFO: Connection attempt from: /127.0.0.1
Feb. 25, 2024 11:53:54 A.M. app_kvServer.KVServer handleIncomingConnection
INFO: Received command: secret SET_CONFIG 2b786438d2c6425dc30de0077ea6494d 2b786438d2c6425dc30de0077ea6494d
Feb. 25, 2024 11:53:54 A.M. app_kvServer.KVServer handleECSCommand
INFO: Configuration updated: lowerHash=2b786438d2c6425dc30de0077ea6494d, higherHash=2b786438d2c6425dc30de0077ea6494d
Feb. 25, 2024 11:53:54 A.M. app_kvServer.KVServer run
INFO: Connection attempt from: /127.0.0.1
Feb. 25, 2024 11:53:54 A.M. app_kvServer.KVServer handleIncomingConnection
INFO: Received command: secret SET_CONFIG 0221f85727f09bb279fa843d25c48052 2b786438d2c6425dc30de0077ea6494d
Feb. 25, 2024 11:53:54 A.M. app_kvServer.KVServer handleECSCommand
INFO: Configuration updated: lowerHash=0221f85727f09bb279fa843d25c48052, higherHash=2b786438d2c6425dc30de0077ea6494d
Feb. 25, 2024 11:54:00 A.M. app_kvServer.KVServer run
INFO: Connection attempt from: /127.0.0.1
Feb. 25, 2024 11:54:00 A.M. app_kvServer.KVServer handleIncomingConnection
INFO: Received command: null
Feb. 25, 2024 11:54:00 A.M. app_kvServer.KVServer handleIncomingConnection
INFO: Handling client connection
Feb. 25, 2024 11:54:34 A.M. app_kvServer.KVServer run
INFO: KV Server listening on port 50000
Feb. 25, 2024 11:54:41 A.M. app_kvServer.KVServer run
INFO: Connection attempt from: /127.0.0.1
Feb. 25, 2024 11:54:43 A.M. app_kvServer.KVServer handleIncomingConnection
INFO: Received command: PUT hi hello
Feb. 25, 2024 11:54:43 A.M. app_kvServer.KVServer handleIncomingConnection
INFO: Handling client connection
Feb. 25, 2024 12:00:04 P.M. app_kvServer.KVServer run
INFO: KV Server listening on port 50000
Feb. 25, 2024 12:00:09 P.M. app_kvServer.KVServer run
INFO: Connection attempt from: /127.0.0.1
Feb. 25, 2024 12:00:12 P.M. app_kvServer.KVServer handleIncomingConnection
INFO: Received command: PUT hi hello
Feb. 25, 2024 12:00:12 P.M. app_kvServer.KVServer handleIncomingConnection
INFO: Handling client connection
Feb. 25, 2024 12:08:00 P.M. app_kvServer.KVServer run
INFO: KV Server listening on port 50000
Feb. 25, 2024 12:08:11 P.M. app_kvServer.KVServer run
INFO: Connection attempt from: /127.0.0.1
Feb. 25, 2024 12:08:13 P.M. app_kvServer.KVServer handleIncomingConnection
INFO: Received command: PUT hi hello
Feb. 25, 2024 12:08:13 P.M. app_kvServer.KVServer handleIncomingConnection
INFO: Handling client connection
Feb. 25, 2024 12:12:41 P.M. app_kvServer.KVServer run
INFO: KV Server listening on port 50000
Feb. 25, 2024 12:12:47 P.M. app_kvServer.KVServer run
INFO: Connection attempt from: /127.0.0.1
Feb. 25, 2024 12:12:49 P.M. app_kvServer.KVServer handleIncomingConnection
INFO: Received command: PUT hi hello
Feb. 25, 2024 12:12:49 P.M. app_kvServer.KVServer handleIncomingConnection
INFO: Handling client connection
Feb. 25, 2024 2:49:45 P.M. app_kvServer.KVServer run
INFO: KV Server listening on port 50000
Feb. 25, 2024 2:49:55 P.M. app_kvServer.KVServer run
INFO: Connection attempt from: /127.0.0.1
Feb. 25, 2024 2:49:58 P.M. app_kvServer.KVServer handleIncomingConnection
INFO: Received command: PUT hi hello
Feb. 25, 2024 2:49:58 P.M. app_kvServer.KVServer handleIncomingConnection
INFO: Handling client connection
